#
# A fatal error has been detected by the Java Runtime Environment:
#
#  EXCEPTION_ACCESS_VIOLATION (0xc0000005) at pc=0x0000000075d8fb60, pid=1832, tid=0x0000000000002ae4
#
# JRE version: Java(TM) SE Runtime Environment (8.0_121-b13) (build 1.8.0_121-b13)
# Java VM: Java HotSpot(TM) 64-Bit Server VM (25.121-b13 mixed mode windows-amd64 compressed oops)
# Problematic frame:
# V  [jvm.dll+0xafb60]
#
# Failed to write core dump. Minidumps are not enabled by default on client versions of Windows
#
# If you would like to submit a bug report, please visit:
#   http://bugreport.java.com/bugreport/crash.jsp
#

---------------  T H R E A D  ---------------

Current thread (0x000000000263d800):  GCTaskThread [stack: 0x0000000012490000,0x0000000012590000] [id=10980]

siginfo: ExceptionCode=0xc0000005, reading address 0x0000000000000008

Registers:
RAX=0x0000000000000000, RBX=0x00000000e60fc588, RCX=0x00000000e60fc588, RDX=0x0000000000000000
RSP=0x000000001258f818, RBP=0x0000000000000000, RSI=0x0000000017245580, RDI=0x0000000018a68190
R8 =0x0000000017245580, R9 =0x0000000000000005, R10=0x0000000000000008, R11=0x00000000f17f8020
R12=0x0000000076334d58, R13=0x81601b38e60fc588, R14=0x0000000000000000, R15=0x000000000263db10
RIP=0x0000000075d8fb60, EFLAGS=0x0000000000010246

Top of Stack: (sp=0x000000001258f818)
0x000000001258f818:   00000000760e0ab2 00000000e60fc578
0x000000001258f828:   0000000000000004 0000000017245580
0x000000001258f838:   00000000760e4052 00000000f17f0030
0x000000001258f848:   0000000000001000 000000008337a770
0x000000001258f858:   0000000000000400 0000000000000000
0x000000001258f868:   0000000002631c01 0000000076334d58
0x000000001258f878:   00000000760e0e20 00000000f17f0730
0x000000001258f888:   0000000000000000 0000000017245580
0x000000001258f898:   0000000018a68190 00000000f17f0730
0x000000001258f8a8:   00000000760e17f5 000000000000000d
0x000000001258f8b8:   00000000760b09e3 00000000f1381ef0
0x000000001258f8c8:   0000000075df3393 00000000f1381eed
0x000000001258f8d8:   00000000f1381eed 000062d400002a23
0x000000001258f8e8:   000058c800001b4b 0000000018a680a0
0x000000001258f8f8:   00000000760e11fb 000062d400002a24
0x000000001258f908:   00005b0300001eb1 000000000263db00 

Instructions: (pc=0x0000000075d8fb60)
0x0000000075d8fb40:   ac b8 1d 00 48 8b 9c 24 d0 00 00 00 48 81 c4 c0
0x0000000075d8fb50:   00 00 00 5d c3 cc cc cc cc cc cc cc cc cc cc cc
0x0000000075d8fb60:   44 8b 42 08 4c 8b ca 45 85 c0 7e 0e 41 f6 c0 01
0x0000000075d8fb70:   75 57 41 c1 f8 03 41 8b c0 c3 79 4d 80 3d ee c7 


Register to memory mapping:

RAX=0x0000000000000000 is an unknown value
RBX=0x00000000e60fc588 is an oop

[error occurred during error reporting (printing register info), id 0xc0000005]

Stack: [0x0000000012490000,0x0000000012590000],  sp=0x000000001258f818,  free space=1022k
Native frames: (J=compiled Java code, j=interpreted, Vv=VM code, C=native code)


---------------  P R O C E S S  ---------------

Java Threads: ( => current thread )
  0x0000000018963000 JavaThread "Service Thread" daemon [_thread_blocked, id=10876, stack(0x00000000190b0000,0x00000000191b0000)]
  0x00000000172db800 JavaThread "C1 CompilerThread2" daemon [_thread_blocked, id=10332, stack(0x0000000018fb0000,0x00000000190b0000)]
  0x00000000172b5800 JavaThread "C2 CompilerThread1" daemon [_thread_blocked, id=10644, stack(0x0000000018eb0000,0x0000000018fb0000)]
  0x00000000172b8000 JavaThread "C2 CompilerThread0" daemon [_thread_blocked, id=1684, stack(0x0000000018db0000,0x0000000018eb0000)]
  0x00000000188f2800 JavaThread "Monitor Ctrl-Break" daemon [_thread_in_native, id=3620, stack(0x0000000018cb0000,0x0000000018db0000)]
  0x000000001728c800 JavaThread "Attach Listener" daemon [_thread_blocked, id=2920, stack(0x00000000187b0000,0x00000000188b0000)]
  0x0000000017289800 JavaThread "Signal Dispatcher" daemon [_thread_blocked, id=9932, stack(0x00000000186b0000,0x00000000187b0000)]
  0x000000001726a800 JavaThread "Finalizer" daemon [_thread_blocked, id=9316, stack(0x00000000184d0000,0x00000000185d0000)]
  0x0000000017249000 JavaThread "Reference Handler" daemon [_thread_blocked, id=10576, stack(0x00000000183d0000,0x00000000184d0000)]
  0x0000000002623800 JavaThread "main" [_thread_blocked, id=6192, stack(0x0000000002340000,0x0000000002440000)]

Other Threads:
  0x0000000017247000 VMThread [stack: 0x00000000182d0000,0x00000000183d0000] [id=10372]
  0x0000000018979000 WatcherThread [stack: 0x00000000191b0000,0x00000000192b0000] [id=8348]

=>0x000000000263d800 (exited) GCTaskThread [stack: 0x0000000012490000,0x0000000012590000] [id=10980]

VM state:at safepoint (normal execution)

VM Mutex/Monitor currently owned by a thread:  ([mutex/lock_event])
[0x00000000026207d0] Threads_lock - owner thread: 0x0000000017247000
[0x0000000002621c60] Heap_lock - owner thread: 0x0000000002623800

Heap:
 PSYoungGen      total 287232K, used 287214K [0x00000000d5d00000, 0x00000000f3500000, 0x0000000100000000)
  eden space 258560K, 100% used [0x00000000d5d00000,0x00000000e5980000,0x00000000e5980000)
  from space 28672K, 99% used [0x00000000e5980000,0x00000000e757bb40,0x00000000e7580000)
  to   space 34816K, 63% used [0x00000000f1300000,0x00000000f28b8030,0x00000000f3500000)
 ParOldGen       total 87552K, used 30193K [0x0000000081600000, 0x0000000086b80000, 0x00000000d5d00000)
  object space 87552K, 34% used [0x0000000081600000,0x000000008337c770,0x0000000086b80000)
 Metaspace       used 14217K, capacity 14518K, committed 14720K, reserved 1062912K
  class space    used 1713K, capacity 1820K, committed 1920K, reserved 1048576K

Card table byte_map: [0x0000000011ae0000,0x0000000011ee0000] byte_map_base: 0x00000000116d5000

Marking Bits: (ParMarkBitMap*) 0x00000000764fb6d0
 Begin Bits: [0x0000000012590000, 0x0000000014538000)
 End Bits:   [0x0000000014538000, 0x00000000164e0000)

Polling page: 0x0000000002240000

CodeCache: size=245760Kb used=4783Kb max_used=4795Kb free=240976Kb
 bounds [0x0000000002720000, 0x0000000002be0000, 0x0000000011720000]
 total_blobs=1863 nmethods=1457 adapters=319
 compilation: enabled

Compilation events (10 events):
Event: 7.443 Thread 0x00000000172b5800 1456       4       java.util.ArrayList$ArrayListSpliterator::getFence (48 bytes)
Event: 7.443 Thread 0x00000000172b8000 1457       4       java.util.ArrayList$ArrayListSpliterator::tryAdvance (79 bytes)
Event: 7.443 Thread 0x00000000172b5800 nmethod 1456 0x0000000002bbecd0 code [0x0000000002bbee00, 0x0000000002bbee98]
Event: 7.443 Thread 0x00000000172db800 1458   !   3       java.util.Locale::getDefault (132 bytes)
Event: 7.444 Thread 0x00000000172db800 nmethod 1458 0x0000000002bce490 code [0x0000000002bce660, 0x0000000002bcee78]
Event: 7.445 Thread 0x00000000172b8000 nmethod 1457 0x0000000002bcc850 code [0x0000000002bcc9c0, 0x0000000002bccc38]
Event: 7.476 Thread 0x00000000172b5800 1459       4       sun.nio.cs.UTF_8$Decoder::xflow (31 bytes)
Event: 7.480 Thread 0x00000000172b5800 nmethod 1459 0x0000000002bd0250 code [0x0000000002bd03c0, 0x0000000002bd0798]
Event: 7.483 Thread 0x00000000172b8000 1460   !   4       java.nio.charset.CharsetDecoder::decode (287 bytes)
Event: 7.486 Thread 0x00000000172b8000 nmethod 1460 0x0000000002bcfa90 code [0x0000000002bcfc00, 0x0000000002bcfe28]

GC Heap History (10 events):
Event: 5.016 GC heap after
Heap after GC invocations=5 (full 0):
 PSYoungGen      total 71680K, used 5096K [0x00000000d5d00000, 0x00000000e0200000, 0x0000000100000000)
  eden space 66560K, 0% used [0x00000000d5d00000,0x00000000d5d00000,0x00000000d9e00000)
  from space 5120K, 99% used [0x00000000d9e00000,0x00000000da2fa3e0,0x00000000da300000)
  to   space 17920K, 0% used [0x00000000df080000,0x00000000df080000,0x00000000e0200000)
 ParOldGen       total 87552K, used 19769K [0x0000000081600000, 0x0000000086b80000, 0x00000000d5d00000)
  object space 87552K, 22% used [0x0000000081600000,0x000000008294e540,0x0000000086b80000)
 Metaspace       used 14008K, capacity 14226K, committed 14464K, reserved 1062912K
  class space    used 1685K, capacity 1796K, committed 1920K, reserved 1048576K
}
Event: 5.299 GC heap before
{Heap before GC invocations=6 (full 0):
 PSYoungGen      total 71680K, used 71656K [0x00000000d5d00000, 0x00000000e0200000, 0x0000000100000000)
  eden space 66560K, 100% used [0x00000000d5d00000,0x00000000d9e00000,0x00000000d9e00000)
  from space 5120K, 99% used [0x00000000d9e00000,0x00000000da2fa3e0,0x00000000da300000)
  to   space 17920K, 0% used [0x00000000df080000,0x00000000df080000,0x00000000e0200000)
 ParOldGen       total 87552K, used 19769K [0x0000000081600000, 0x0000000086b80000, 0x00000000d5d00000)
  object space 87552K, 22% used [0x0000000081600000,0x000000008294e540,0x0000000086b80000)
 Metaspace       used 14181K, capacity 14448K, committed 14720K, reserved 1062912K
  class space    used 1711K, capacity 1819K, committed 1920K, reserved 1048576K
Event: 5.320 GC heap after
Heap after GC invocations=6 (full 0):
 PSYoungGen      total 147456K, used 17888K [0x00000000d5d00000, 0x00000000e0900000, 0x0000000100000000)
  eden space 129536K, 0% used [0x00000000d5d00000,0x00000000d5d00000,0x00000000ddb80000)
  from space 17920K, 99% used [0x00000000df080000,0x00000000e01f8050,0x00000000e0200000)
  to   space 21504K, 0% used [0x00000000ddb80000,0x00000000ddb80000,0x00000000df080000)
 ParOldGen       total 87552K, used 19977K [0x0000000081600000, 0x0000000086b80000, 0x00000000d5d00000)
  object space 87552K, 22% used [0x0000000081600000,0x0000000082982540,0x0000000086b80000)
 Metaspace       used 14181K, capacity 14448K, committed 14720K, reserved 1062912K
  class space    used 1711K, capacity 1819K, committed 1920K, reserved 1048576K
}
Event: 5.710 GC heap before
{Heap before GC invocations=7 (full 0):
 PSYoungGen      total 147456K, used 147424K [0x00000000d5d00000, 0x00000000e0900000, 0x0000000100000000)
  eden space 129536K, 100% used [0x00000000d5d00000,0x00000000ddb80000,0x00000000ddb80000)
  from space 17920K, 99% used [0x00000000df080000,0x00000000e01f8050,0x00000000e0200000)
  to   space 21504K, 0% used [0x00000000ddb80000,0x00000000ddb80000,0x00000000df080000)
 ParOldGen       total 87552K, used 19977K [0x0000000081600000, 0x0000000086b80000, 0x00000000d5d00000)
  object space 87552K, 22% used [0x0000000081600000,0x0000000082982540,0x0000000086b80000)
 Metaspace       used 14192K, capacity 14454K, committed 14720K, reserved 1062912K
  class space    used 1712K, capacity 1820K, committed 1920K, reserved 1048576K
Event: 5.741 GC heap after
Heap after GC invocations=7 (full 0):
 PSYoungGen      total 151040K, used 21472K [0x00000000d5d00000, 0x00000000e9100000, 0x0000000100000000)
  eden space 129536K, 0% used [0x00000000d5d00000,0x00000000d5d00000,0x00000000ddb80000)
  from space 21504K, 99% used [0x00000000ddb80000,0x00000000df078030,0x00000000df080000)
  to   space 28160K, 0% used [0x00000000e7580000,0x00000000e7580000,0x00000000e9100000)
 ParOldGen       total 87552K, used 24947K [0x0000000081600000, 0x0000000086b80000, 0x00000000d5d00000)
  object space 87552K, 28% used [0x0000000081600000,0x0000000082e5cc60,0x0000000086b80000)
 Metaspace       used 14192K, capacity 14454K, committed 14720K, reserved 1062912K
  class space    used 1712K, capacity 1820K, committed 1920K, reserved 1048576K
}
Event: 6.035 GC heap before
{Heap before GC invocations=8 (full 0):
 PSYoungGen      total 151040K, used 151008K [0x00000000d5d00000, 0x00000000e9100000, 0x0000000100000000)
  eden space 129536K, 100% used [0x00000000d5d00000,0x00000000ddb80000,0x00000000ddb80000)
  from space 21504K, 99% used [0x00000000ddb80000,0x00000000df078030,0x00000000df080000)
  to   space 28160K, 0% used [0x00000000e7580000,0x00000000e7580000,0x00000000e9100000)
 ParOldGen       total 87552K, used 24947K [0x0000000081600000, 0x0000000086b80000, 0x00000000d5d00000)
  object space 87552K, 28% used [0x0000000081600000,0x0000000082e5cc60,0x0000000086b80000)
 Metaspace       used 14204K, capacity 14518K, committed 14720K, reserved 1062912K
  class space    used 1712K, capacity 1820K, committed 1920K, reserved 1048576K
Event: 6.057 GC heap after
Heap after GC invocations=8 (full 0):
 PSYoungGen      total 286720K, used 17856K [0x00000000d5d00000, 0x00000000e9200000, 0x0000000100000000)
  eden space 258560K, 0% used [0x00000000d5d00000,0x00000000d5d00000,0x00000000e5980000)
  from space 28160K, 63% used [0x00000000e7580000,0x00000000e86f0020,0x00000000e9100000)
  to   space 28672K, 0% used [0x00000000e5980000,0x00000000e5980000,0x00000000e7580000)
 ParOldGen       total 87552K, used 25483K [0x0000000081600000, 0x0000000086b80000, 0x00000000d5d00000)
  object space 87552K, 29% used [0x0000000081600000,0x0000000082ee2c60,0x0000000086b80000)
 Metaspace       used 14204K, capacity 14518K, committed 14720K, reserved 1062912K
  class space    used 1712K, capacity 1820K, committed 1920K, reserved 1048576K
}
Event: 6.946 GC heap before
{Heap before GC invocations=9 (full 0):
 PSYoungGen      total 286720K, used 276416K [0x00000000d5d00000, 0x00000000e9200000, 0x0000000100000000)
  eden space 258560K, 100% used [0x00000000d5d00000,0x00000000e5980000,0x00000000e5980000)
  from space 28160K, 63% used [0x00000000e7580000,0x00000000e86f0020,0x00000000e9100000)
  to   space 28672K, 0% used [0x00000000e5980000,0x00000000e5980000,0x00000000e7580000)
 ParOldGen       total 87552K, used 25483K [0x0000000081600000, 0x0000000086b80000, 0x00000000d5d00000)
  object space 87552K, 29% used [0x0000000081600000,0x0000000082ee2c60,0x0000000086b80000)
 Metaspace       used 14208K, capacity 14518K, committed 14720K, reserved 1062912K
  class space    used 1713K, capacity 1820K, committed 1920K, reserved 1048576K
Event: 6.989 GC heap after
Heap after GC invocations=9 (full 0):
 PSYoungGen      total 287232K, used 28654K [0x00000000d5d00000, 0x00000000f3500000, 0x0000000100000000)
  eden space 258560K, 0% used [0x00000000d5d00000,0x00000000d5d00000,0x00000000e5980000)
  from space 28672K, 99% used [0x00000000e5980000,0x00000000e757bb40,0x00000000e7580000)
  to   space 34816K, 0% used [0x00000000f1300000,0x00000000f1300000,0x00000000f3500000)
 ParOldGen       total 87552K, used 29249K [0x0000000081600000, 0x0000000086b80000, 0x00000000d5d00000)
  object space 87552K, 33% used [0x0000000081600000,0x0000000083290770,0x0000000086b80000)
 Metaspace       used 14208K, capacity 14518K, committed 14720K, reserved 1062912K
  class space    used 1713K, capacity 1820K, committed 1920K, reserved 1048576K
}
Event: 7.599 GC heap before
{Heap before GC invocations=10 (full 0):
 PSYoungGen      total 287232K, used 287214K [0x00000000d5d00000, 0x00000000f3500000, 0x0000000100000000)
  eden space 258560K, 100% used [0x00000000d5d00000,0x00000000e5980000,0x00000000e5980000)
  from space 28672K, 99% used [0x00000000e5980000,0x00000000e757bb40,0x00000000e7580000)
  to   space 34816K, 0% used [0x00000000f1300000,0x00000000f1300000,0x00000000f3500000)
 ParOldGen       total 87552K, used 29249K [0x0000000081600000, 0x0000000086b80000, 0x00000000d5d00000)
  object space 87552K, 33% used [0x0000000081600000,0x0000000083290770,0x0000000086b80000)
 Metaspace       used 14217K, capacity 14518K, committed 14720K, reserved 1062912K
  class space    used 1713K, capacity 1820K, committed 1920K, reserved 1048576K

Deoptimization events (10 events):
Event: 7.007 Thread 0x0000000002623800 Uncommon trap: reason=class_check action=maybe_recompile pc=0x0000000002b4909c method=java.util.stream.ReduceOps$3ReducingSink.accept(Ljava/lang/Object;)V @ 9
Event: 7.439 Thread 0x0000000002623800 Uncommon trap: reason=class_check action=maybe_recompile pc=0x0000000002b80f24 method=java.util.Collection.stream()Ljava/util/stream/Stream; @ 1
Event: 7.440 Thread 0x0000000002623800 Uncommon trap: reason=bimorphic action=maybe_recompile pc=0x0000000002ba97cc method=java.util.stream.ReferencePipeline$2$1.accept(Ljava/lang/Object;)V @ 8
Event: 7.440 Thread 0x0000000002623800 Uncommon trap: reason=bimorphic action=maybe_recompile pc=0x0000000002ba57dc method=java.util.stream.ReferencePipeline$2$1.accept(Ljava/lang/Object;)V @ 8
Event: 7.440 Thread 0x0000000002623800 Uncommon trap: reason=bimorphic action=maybe_recompile pc=0x0000000002ba57dc method=java.util.stream.ReferencePipeline$2$1.accept(Ljava/lang/Object;)V @ 8
Event: 7.440 Thread 0x0000000002623800 Uncommon trap: reason=bimorphic action=maybe_recompile pc=0x0000000002ba57dc method=java.util.stream.ReferencePipeline$2$1.accept(Ljava/lang/Object;)V @ 8
Event: 7.440 Thread 0x0000000002623800 Uncommon trap: reason=bimorphic action=maybe_recompile pc=0x0000000002b79704 method=java.util.stream.ReferencePipeline$2$1.accept(Ljava/lang/Object;)V @ 8
Event: 7.442 Thread 0x0000000002623800 Uncommon trap: reason=class_check action=maybe_recompile pc=0x0000000002b80f24 method=java.util.Collection.stream()Ljava/util/stream/Stream; @ 1
Event: 7.442 Thread 0x0000000002623800 Uncommon trap: reason=unstable_if action=reinterpret pc=0x0000000002ba6c10 method=java.util.ArrayList$ArrayListSpliterator.getFence()I @ 6
Event: 7.442 Thread 0x0000000002623800 Uncommon trap: reason=bimorphic action=maybe_recompile pc=0x0000000002ba97cc method=java.util.stream.ReferencePipeline$2$1.accept(Ljava/lang/Object;)V @ 8

Internal exceptions (10 events):
Event: 4.037 Thread 0x0000000002623800 Exception <a 'java/lang/NoSuchFieldError': method resolution failed> (0x00000000d656e5f8) thrown at [C:\re\workspace\8-2-build-windows-amd64-cygwin\jdk8u121\8372\hotspot\src\share\vm\prims\methodHandles.cpp, line 1146]
Event: 4.038 Thread 0x0000000002623800 Exception <a 'java/lang/NoSuchFieldError': method resolution failed> (0x00000000d657c558) thrown at [C:\re\workspace\8-2-build-windows-amd64-cygwin\jdk8u121\8372\hotspot\src\share\vm\prims\methodHandles.cpp, line 1146]
Event: 4.109 Thread 0x0000000002623800 Exception <a 'java/lang/reflect/InvocationTargetException'> (0x00000000d669ef00) thrown at [C:\re\workspace\8-2-build-windows-amd64-cygwin\jdk8u121\8372\hotspot\src\share\vm\runtime\reflection.cpp, line 1092]
Event: 4.115 Thread 0x0000000002623800 Exception <a 'java/lang/reflect/InvocationTargetException'> (0x00000000d66ca1d8) thrown at [C:\re\workspace\8-2-build-windows-amd64-cygwin\jdk8u121\8372\hotspot\src\share\vm\runtime\reflection.cpp, line 1092]
Event: 4.164 Thread 0x0000000002623800 Implicit null exception at 0x0000000002a4333b to 0x0000000002a4394d
Event: 4.164 Thread 0x0000000002623800 Implicit null exception at 0x00000000028ba8af to 0x00000000028ba919
Event: 4.190 Thread 0x0000000002623800 Exception <a 'java/lang/reflect/InvocationTargetException'> (0x00000000d67c7f08) thrown at [C:\re\workspace\8-2-build-windows-amd64-cygwin\jdk8u121\8372\hotspot\src\share\vm\runtime\reflection.cpp, line 1092]
Event: 4.505 Thread 0x0000000002623800 Implicit null exception at 0x0000000002b09f4b to 0x0000000002b0a341
Event: 5.147 Thread 0x0000000002623800 Exception <a 'java/lang/NoSuchMethodError': java.lang.Object.lambda$maxBy$1(Ljava/util/Comparator;Ljava/lang/Object;Ljava/lang/Object;)Ljava/lang/Object;> (0x00000000d8a9fe80) thrown at [C:\re\workspace\8-2-build-windows-amd64-cygwin\jdk8u121\8372\hotspot
Event: 5.805 Thread 0x0000000002623800 Exception <a 'java/lang/reflect/InvocationTargetException'> (0x00000000d8414948) thrown at [C:\re\workspace\8-2-build-windows-amd64-cygwin\jdk8u121\8372\hotspot\src\share\vm\runtime\reflection.cpp, line 1092]

Events (10 events):
Event: 7.442 Thread 0x0000000002623800 Uncommon trap: trap_request=0xffffffde fr.pc=0x0000000002b80f24
Event: 7.442 Thread 0x0000000002623800 DEOPT PACKING pc=0x0000000002b80f24 sp=0x000000000243e220
Event: 7.442 Thread 0x0000000002623800 DEOPT UNPACKING pc=0x000000000276582a sp=0x000000000243e1e8 mode 2
Event: 7.442 Thread 0x0000000002623800 Uncommon trap: trap_request=0xffffff65 fr.pc=0x0000000002ba6c10
Event: 7.442 Thread 0x0000000002623800 DEOPT PACKING pc=0x0000000002ba6c10 sp=0x000000000243e080
Event: 7.442 Thread 0x0000000002623800 DEOPT UNPACKING pc=0x000000000276582a sp=0x000000000243e018 mode 2
Event: 7.442 Thread 0x0000000002623800 Uncommon trap: trap_request=0xffffffc6 fr.pc=0x0000000002ba97cc
Event: 7.442 Thread 0x0000000002623800 DEOPT PACKING pc=0x0000000002ba97cc sp=0x000000000243e120
Event: 7.442 Thread 0x0000000002623800 DEOPT UNPACKING pc=0x000000000276582a sp=0x000000000243de60 mode 2
Event: 7.599 Executing VM operation: ParallelGCFailedAllocation


Dynamic libraries:
0x00007ff741070000 - 0x00007ff7410a7000 	C:\Program Files\Java\jdk1.8.0_121\bin\java.exe
0x00007ffa03300000 - 0x00007ffa034c1000 	C:\WINDOWS\SYSTEM32\ntdll.dll
0x00007ffa01cc0000 - 0x00007ffa01d6d000 	C:\WINDOWS\system32\KERNEL32.DLL
0x00007ffa00280000 - 0x00007ffa00468000 	C:\WINDOWS\system32\KERNELBASE.dll
0x00007ffa03240000 - 0x00007ffa032e7000 	C:\WINDOWS\system32\ADVAPI32.dll
0x00007ffa02150000 - 0x00007ffa021ed000 	C:\WINDOWS\system32\msvcrt.dll
0x00007ffa02450000 - 0x00007ffa024ab000 	C:\WINDOWS\system32\sechost.dll
0x00007ffa029f0000 - 0x00007ffa02b0d000 	C:\WINDOWS\system32\RPCRT4.dll
0x00007ffa02f00000 - 0x00007ffa03056000 	C:\WINDOWS\system32\USER32.dll
0x00007ffa022c0000 - 0x00007ffa02447000 	C:\WINDOWS\system32\GDI32.dll
0x00007ff9f6760000 - 0x00007ff9f69d4000 	C:\WINDOWS\WinSxS\amd64_microsoft.windows.common-controls_6595b64144ccf1df_6.0.10586.839_none_a2ddba30a539a2ae\COMCTL32.dll
0x00007ffa01ed0000 - 0x00007ffa0214e000 	C:\WINDOWS\system32\combase.dll
0x00007ffa00470000 - 0x00007ffa004da000 	C:\WINDOWS\system32\bcryptPrimitives.dll
0x00007ffa024b0000 - 0x00007ffa024eb000 	C:\WINDOWS\system32\IMM32.DLL
0x00007ff9ff810000 - 0x00007ff9ff846000 	C:\WINDOWS\system32\nvinitx.dll
0x00007ff9ff800000 - 0x00007ff9ff80a000 	C:\WINDOWS\SYSTEM32\VERSION.dll
0x00007ffa00760000 - 0x00007ffa01cbc000 	C:\WINDOWS\system32\Shell32.dll
0x00007ffa006b0000 - 0x00007ffa006f3000 	C:\WINDOWS\system32\cfgmgr32.dll
0x00007ff9ffb80000 - 0x00007ffa001c5000 	C:\WINDOWS\system32\windows.storage.dll
0x00007ffa02990000 - 0x00007ffa029e2000 	C:\WINDOWS\system32\shlwapi.dll
0x00007ff9ff990000 - 0x00007ff9ff99f000 	C:\WINDOWS\system32\kernel.appcore.dll
0x00007ff9ffa60000 - 0x00007ff9ffb15000 	C:\WINDOWS\system32\shcore.dll
0x00007ff9ff940000 - 0x00007ff9ff98b000 	C:\WINDOWS\system32\powrprof.dll
0x00007ff9ff920000 - 0x00007ff9ff934000 	C:\WINDOWS\system32\profapi.dll
0x0000000076f70000 - 0x0000000076f76000 	C:\Program Files\NVIDIA Corporation\CoProcManager\_etoured.dll
0x00007ff9dbab0000 - 0x00007ff9dbaf3000 	C:\Program Files\NVIDIA Corporation\CoProcManager\nvd3d9wrapx.dll
0x00007ffa02560000 - 0x00007ffa02989000 	C:\WINDOWS\system32\SETUPAPI.dll
0x00007ff9f57c0000 - 0x00007ff9f57ed000 	C:\Program Files\NVIDIA Corporation\CoProcManager\nvdxgiwrapx.dll
0x0000000076580000 - 0x0000000076652000 	C:\Program Files\Java\jdk1.8.0_121\jre\bin\msvcr100.dll
0x0000000075ce0000 - 0x000000007657b000 	C:\Program Files\Java\jdk1.8.0_121\jre\bin\server\jvm.dll
0x00007ffa02ef0000 - 0x00007ffa02ef8000 	C:\WINDOWS\system32\PSAPI.DLL
0x00007ff9f34e0000 - 0x00007ff9f34e9000 	C:\WINDOWS\SYSTEM32\WSOCK32.dll
0x00007ffa024f0000 - 0x00007ffa0255b000 	C:\WINDOWS\system32\WS2_32.dll
0x00007ff9fe0c0000 - 0x00007ff9fe0e3000 	C:\WINDOWS\SYSTEM32\WINMM.dll
0x00007ff9fe060000 - 0x00007ff9fe08c000 	C:\WINDOWS\SYSTEM32\WINMMBASE.dll
0x0000000075cd0000 - 0x0000000075cdf000 	C:\Program Files\Java\jdk1.8.0_121\jre\bin\verify.dll
0x0000000075ca0000 - 0x0000000075cc9000 	C:\Program Files\Java\jdk1.8.0_121\jre\bin\java.dll
0x0000000075c50000 - 0x0000000075c73000 	C:\Program Files\Java\jdk1.8.0_121\jre\bin\instrument.dll
0x0000000075c80000 - 0x0000000075c96000 	C:\Program Files\Java\jdk1.8.0_121\jre\bin\zip.dll
0x00007ff9f4900000 - 0x00007ff9f491a000 	C:\Program Files\JetBrains\IntelliJ IDEA 2018.1\bin\breakgen64.dll
0x0000000075c30000 - 0x0000000075c4a000 	C:\Program Files\Java\jdk1.8.0_121\jre\bin\net.dll
0x00007ff9ff1a0000 - 0x00007ff9ff1fc000 	C:\WINDOWS\system32\mswsock.dll
0x0000000075b50000 - 0x0000000075b5d000 	C:\Program Files\Java\jdk1.8.0_121\jre\bin\management.dll
0x00007ff9e7cd0000 - 0x00007ff9e7ce6000 	C:\WINDOWS\system32\napinsp.dll
0x00007ff9e6f00000 - 0x00007ff9e6f1a000 	C:\WINDOWS\system32\pnrpnsp.dll
0x00007ff9fca50000 - 0x00007ff9fca68000 	C:\WINDOWS\system32\NLAapi.dll
0x00007ff9fe400000 - 0x00007ff9fe4aa000 	C:\WINDOWS\SYSTEM32\DNSAPI.dll
0x00007ffa02ee0000 - 0x00007ffa02ee8000 	C:\WINDOWS\system32\NSI.dll
0x00007ff9e7ee0000 - 0x00007ff9e7eed000 	C:\WINDOWS\System32\winrnr.dll
0x00007ff9e6f20000 - 0x00007ff9e6f35000 	C:\WINDOWS\System32\wshbth.dll
0x00007ff9f6210000 - 0x00007ff9f621a000 	C:\Windows\System32\rasadhlp.dll
0x00007ff9fd210000 - 0x00007ff9fd248000 	C:\WINDOWS\SYSTEM32\IPHLPAPI.DLL
0x00007ff9f7980000 - 0x00007ff9f79e7000 	C:\WINDOWS\System32\fwpuclnt.dll
0x00007ff9ff850000 - 0x00007ff9ff879000 	C:\WINDOWS\SYSTEM32\bcrypt.dll
0x0000000075c10000 - 0x0000000075c21000 	C:\Program Files\Java\jdk1.8.0_121\jre\bin\nio.dll
0x00007ff9d4d80000 - 0x00007ff9d4f0c000 	C:\WINDOWS\SYSTEM32\dbghelp.dll

VM Arguments:
jvm_args: -Dvisualvm.id=33448135742410 -ea -Dfile.encoding=UTF-8 -Didea.test.cyclic.buffer.size=1048576 -javaagent:C:\Program Files\JetBrains\IntelliJ IDEA 2018.1\lib\idea_rt.jar=56082:C:\Program Files\JetBrains\IntelliJ IDEA 2018.1\bin 
java_command: com.intellij.rt.execution.junit.JUnitStarter -ideVersion5 -junit4 ru.itu.predictor.PredictorFullSuiteTest
java_class_path (initial): C:\Program Files\JetBrains\IntelliJ IDEA 2018.1\lib\idea_rt.jar;C:\Program Files\JetBrains\IntelliJ IDEA 2018.1\plugins\junit\lib\junit-rt.jar;C:\Program Files\JetBrains\IntelliJ IDEA 2018.1\plugins\junit\lib\junit5-rt.jar;C:\Program Files\Java\jdk1.8.0_121\jre\lib\charsets.jar;C:\Program Files\Java\jdk1.8.0_121\jre\lib\deploy.jar;C:\Program Files\Java\jdk1.8.0_121\jre\lib\ext\access-bridge-64.jar;C:\Program Files\Java\jdk1.8.0_121\jre\lib\ext\cldrdata.jar;C:\Program Files\Java\jdk1.8.0_121\jre\lib\ext\dnsns.jar;C:\Program Files\Java\jdk1.8.0_121\jre\lib\ext\jaccess.jar;C:\Program Files\Java\jdk1.8.0_121\jre\lib\ext\jfxrt.jar;C:\Program Files\Java\jdk1.8.0_121\jre\lib\ext\localedata.jar;C:\Program Files\Java\jdk1.8.0_121\jre\lib\ext\nashorn.jar;C:\Program Files\Java\jdk1.8.0_121\jre\lib\ext\sunec.jar;C:\Program Files\Java\jdk1.8.0_121\jre\lib\ext\sunjce_provider.jar;C:\Program Files\Java\jdk1.8.0_121\jre\lib\ext\sunmscapi.jar;C:\Program Files\Java\jdk1.8.0_121\jre\lib\ext\sunpkcs11.jar;C:\Program Files\Java\jdk1.8.0_121\jre\lib\ext\zipfs.jar;C:\Program Files\Java\jdk1.8.0_121\jre\lib\javaws.jar;C:\Program Files\Java\jdk1.8.0_121\jre\lib\jce.jar;C:\Program Files\Java\jdk1.8.0_121\jre\lib\jfr.jar;C:\Program Files\Java\jdk1.8.0_121\jre\lib\jfxswt.jar;C:\Program Files\Java\jdk1.8.0_121\jre\lib\jsse.jar;C:\Program Files\Java\jdk1.8.0_121\jre\lib\management-agent.jar;C:\Program Files\Java\jdk1.8.0_121\jre\lib\plugin.jar;C:\Program Files\Java\jdk1.8.0_121\jre\lib\resources.jar;C:\Program Files\Java\jdk1.8.0_121\jre\lib\rt.jar;G:\My Drive\Studio\ITU\projects\Predictor\predictor\target\test-classes;G:\My Drive\Studio\ITU\projects\Predictor\predictor\target\classes;C:\Users\Boris\.m2\repository\junit\junit\4.11\junit-4.11.jar;C:\Users\Boris\.m2\repository\org\hamcrest\hamcrest-core\1.3\hamcrest-core-1.3.jar;C:\Users\Boris\.m2\repository\org\apache\logging\log4j\log4j-api\2.11.1\log4j-api-2.11.1.jar;C:\Users\Boris\.m2\repository\org\apache\logging\
Launcher Type: SUN_STANDARD

Environment Variables:
JAVA_HOME=C:\Program Files\Java\jdk1.8.0_121
JRE_HOME=C:\Program Files\Java\jdk1.8.0_121
PATH=C:\Program Files\Java\jdk1.8.0_121\bin;C:\Program Files (x86)\Common Files\Oracle\Java\javapath;C:\ProgramData\Oracle\Java\javapath;C:\oraclexe\app\oracle\product\11.2.0\server\bin;C:\WINDOWS\system32;C:\WINDOWS;C:\WINDOWS\System32\Wbem;C:\WINDOWS\System32\WindowsPowerShell\v1.0\;C:\Program Files\Microsoft SQL Server\Client SDK\ODBC\110\Tools\Binn\;C:\Program Files (x86)\Microsoft SQL Server\120\Tools\Binn\;C:\Program Files\Microsoft SQL Server\120\Tools\Binn\;C:\Program Files\Microsoft SQL Server\120\DTS\Binn\;C:\Program Files (x86)\Microsoft SQL Server\120\Tools\Binn\ManagementStudio\;C:\Program Files (x86)\Microsoft SQL Server\120\DTS\Binn\;C:\Program Files\OpenVPN\bin;C:\Users\Boris\.dnx\bin;C:\Program Files\Microsoft DNX\Dnvm\;C:\Program Files\Microsoft SQL Server\130\Tools\Binn\;C:\Maven\bin\;C:\Users\Boris\Anaconda2;C:\Users\Boris\Anaconda2\Scripts;C:\Users\Boris\Anaconda2\Library\bin;C:\Program Files (x86)\Microsoft VS Code\bin;C:\Program Files\Java\jdk1.8.0_92\bin;C:\adb;C:\Program Files (x86)\Skype\Phone\;C:\Program Files\doxygen\bin;C:\Program Files (x86)\Yarn\bin;C:\Program Files\pstoedit;C:\Program Files\GIMP 2\bin;C:\Program Files\dotnet\;C:\Program Files (x86)\Brackets\command;C:\Program Files\nodejs\;C:\Program Files\PuTTY\;C:\Program Files\Git\cmd;C:\Program Files\Java\jdk1.8.0_121\bin;C:\Ruby23-x64\bin;C:\Users\Boris\Anaconda2;C:\Users\Boris\Anaconda2\Scripts;C:\Users\Boris\Anaconda2\Library\bin;C:\Program Files (x86)\Microsoft VS Code\bin;C:\Maven\bin;C:\Users\Boris\AppData\Local\Yarn\bin;C:\Program Files\gnuplot\bin;C:\Program Files\pstoedit;C:\Users\Boris\AppData\Local\Google\Cloud SDK\google-cloud-sdk\bin;D:\studio\editors\neovim\bin;C:\Users\Boris\AppData\Roaming\npm
USERNAME=Boris
OS=Windows_NT
PROCESSOR_IDENTIFIER=Intel64 Family 6 Model 42 Stepping 7, GenuineIntel



---------------  S Y S T E M  ---------------

OS: Windows 10.0 , 64 bit Build 10586 (10.0.10586.589)

CPU:total 4 (4 cores per cpu, 1 threads per core) family 6 model 42 stepping 7, cmov, cx8, fxsr, mmx, sse, sse2, sse3, ssse3, sse4.1, sse4.2, popcnt, avx, clmul, tsc, tscinvbit

Memory: 4k page, physical 8290588k(1982464k free), swap 16679196k(6632376k free)

vm_info: Java HotSpot(TM) 64-Bit Server VM (25.121-b13) for windows-amd64 JRE (1.8.0_121-b13), built on Dec 12 2016 18:21:36 by "java_re" with MS VC++ 10.0 (VS2010)

time: Thu Aug 23 01:26:22 2018
elapsed time: 7 seconds (0d 0h 0m 7s)

