[INFO ] 2018-08-15 10:46:08.279 [main] MainFX - Predictor demo/test app is starting...
[INFO ] 2018-08-15 10:46:08.436 [JavaFX Application Thread] SearchDictionary - Building of the search dictionary has started...
[INFO ] 2018-08-15 10:46:08.451 [JavaFX Application Thread] Dictionary - Empty dictionary has been created
[INFO ] 2018-08-15 10:46:08.451 [JavaFX Application Thread] Dictionary - The empty dictionary has been created to be filled with data from a dictionary file.
[INFO ] 2018-08-15 10:46:08.872 [JavaFX Application Thread] Dictionary - Dictionary has been created from a file.
[INFO ] 2018-08-15 10:46:08.878 [JavaFX Application Thread] Dictionary - Empty dictionary has been created
[INFO ] 2018-08-15 10:46:08.878 [JavaFX Application Thread] Dictionary - The empty dictionary has been created to be filled with data from a dictionary file.
[INFO ] 2018-08-15 10:46:08.884 [JavaFX Application Thread] Dictionary - Dictionary has been created from a file.
[INFO ] 2018-08-15 10:46:08.888 [JavaFX Application Thread] Dictionary - Empty dictionary has been created
[INFO ] 2018-08-15 10:46:08.889 [JavaFX Application Thread] Dictionary - The empty dictionary has been created to be filled with data from a dictionary file.
[INFO ] 2018-08-15 10:46:08.897 [JavaFX Application Thread] Dictionary - Dictionary has been created from a file.
[INFO ] 2018-08-15 10:46:09.312 [JavaFX Application Thread] Alphabet - An alphabet instance has been created -> РСТУФХЦЧШЩЪЫЬЭЮЯ АБВГДЕЖЗИЙКЛМНОП
[INFO ] 2018-08-15 10:46:09.313 [JavaFX Application Thread] SearchDictionary - Building of the search dictionary has finished...
[INFO ] 2018-08-15 10:46:09.333 [JavaFX Application Thread] IndexNGram - Building of n-gram index has been started...
[INFO ] 2018-08-15 10:46:09.334 [JavaFX Application Thread] IndexNGram - Counting of n-grams has been started...
[INFO ] 2018-08-15 10:46:09.492 [JavaFX Application Thread] IndexNGram - Counting of n-grams has been finished...
[INFO ] 2018-08-15 10:46:09.493 [JavaFX Application Thread] IndexNGram - Filling up of the n-gram map has been started...
[INFO ] 2018-08-15 10:46:09.603 [JavaFX Application Thread] IndexNGram - Filling up of the n-gram map has been finished...
[INFO ] 2018-08-15 10:46:09.603 [JavaFX Application Thread] IndexNGram - N-gram index has been built...
[INFO ] 2018-08-15 10:46:09.604 [JavaFX Application Thread] LevensteinMetric - Levenstein Metric has created.
[INFO ] 2018-08-15 10:46:09.604 [JavaFX Application Thread] Predictor - An instance of Predictor class has been created.
[INFO ] 2018-08-15 10:46:25.466 [JavaFX Application Thread] MainFX - Predictor demo/test app is closed...
